#
# There is insufficient memory for the Java Runtime Environment to continue.
# Native memory allocation (malloc) failed to allocate 32744 bytes for ChunkPool::allocate
# Possible reasons:
#   The system is out of physical RAM or swap space
#   The process is running with CompressedOops enabled, and the Java Heap may be blocking the growth of the native heap
# Possible solutions:
#   Reduce memory load on the system
#   Increase physical memory or swap space
#   Check if swap backing store is full
#   Decrease Java heap size (-Xmx/-Xms)
#   Decrease number of Java threads
#   Decrease Java thread stack sizes (-Xss)
#   Set larger code cache with -XX:ReservedCodeCacheSize=
#   JVM is running with Zero Based Compressed Oops mode in which the Java heap is
#     placed in the first 32GB address space. The Java Heap base address is the
#     maximum limit for the native heap growth. Please use -XX:HeapBaseMinAddress
#     to set the Java Heap base and to place the Java Heap above 32GB virtual address.
# This output file may be truncated or incomplete.
#
#  Out of Memory Error (allocation.cpp:272), pid=16108, tid=0x00000000000028b8
#
# JRE version: Java(TM) SE Runtime Environment (8.0_251-b08) (build 1.8.0_251-b08)
# Java VM: Java HotSpot(TM) 64-Bit Server VM (25.251-b08 mixed mode windows-amd64 compressed oops)
# Failed to write core dump. Minidumps are not enabled by default on client versions of Windows
#

---------------  T H R E A D  ---------------

Current thread (0x000000001c695800):  JavaThread "C2 CompilerThread1" daemon [_thread_in_native, id=10424, stack(0x000000001dde0000,0x000000001dee0000)]

Stack: [0x000000001dde0000,0x000000001dee0000]
[error occurred during error reporting (printing stack bounds), id 0xc0000005]

Native frames: (J=compiled Java code, j=interpreted, Vv=VM code, C=native code)


Current CompileTask:
C2:  41204  844       4       java.util.HashMap::put (13 bytes)


---------------  P R O C E S S  ---------------

Java Threads: ( => current thread )
  0x000000001e8cc000 JavaThread "D3D Screen Updater" daemon [_thread_blocked, id=10128, stack(0x0000000027d90000,0x0000000027e90000)]
  0x000000001e7a6800 JavaThread "AWT-EventQueue-0" [_thread_in_vm, id=6168, stack(0x0000000026f90000,0x0000000027090000)]
  0x000000001e396800 JavaThread "AWT-Windows" daemon [_thread_in_native, id=14428, stack(0x000000001f1e0000,0x000000001f2e0000)]
  0x000000001e393800 JavaThread "AWT-Shutdown" [_thread_blocked, id=17356, stack(0x000000001f0e0000,0x000000001f1e0000)]
  0x000000001e379800 JavaThread "Java2D Disposer" daemon [_thread_blocked, id=17244, stack(0x000000001ef20000,0x000000001f020000)]
  0x000000001e019800 JavaThread "Service Thread" daemon [_thread_blocked, id=14124, stack(0x000000001e3e0000,0x000000001e4e0000)]
  0x000000001c69b000 JavaThread "C1 CompilerThread2" daemon [_thread_in_native, id=15732, stack(0x000000001dee0000,0x000000001dfe0000)]
=>0x000000001c695800 JavaThread "C2 CompilerThread1" daemon [_thread_in_native, id=10424, stack(0x000000001dde0000,0x000000001dee0000)]
  0x000000001c682000 JavaThread "C2 CompilerThread0" daemon [_thread_blocked, id=4192, stack(0x000000001dce0000,0x000000001dde0000)]
  0x000000001c687800 JavaThread "Attach Listener" daemon [_thread_blocked, id=3920, stack(0x000000001dbe0000,0x000000001dce0000)]
  0x000000001c686000 JavaThread "Signal Dispatcher" daemon [_thread_blocked, id=14664, stack(0x000000001dae0000,0x000000001dbe0000)]
  0x000000000302b000 JavaThread "Finalizer" daemon [_thread_blocked, id=5976, stack(0x000000001d8e0000,0x000000001d9e0000)]
  0x0000000003022000 JavaThread "Reference Handler" daemon [_thread_blocked, id=10660, stack(0x000000001d7e0000,0x000000001d8e0000)]
  0x00000000015ce000 JavaThread "main" [_thread_blocked, id=13224, stack(0x0000000002e30000,0x0000000002f30000)]

Other Threads:
  0x000000001c647000 VMThread [stack: 0x000000001d6e0000,0x000000001d7e0000] [id=12452]
  0x000000001e03a800 WatcherThread [stack: 0x000000001e4e0000,0x000000001e5e0000] [id=16420]

VM state:not at safepoint (normal execution)

VM Mutex/Monitor currently owned by a thread: None

heap address: 0x00000006c0e00000, size: 4082 MB, Compressed Oops mode: Zero based, Oop shift amount: 3
Narrow klass base: 0x0000000000000000, Narrow klass shift: 3
Compressed class space size: 1073741824 Address: 0x00000007c0000000

Heap:
 PSYoungGen      total 76288K, used 22291K [0x000000076af80000, 0x0000000770480000, 0x00000007c0000000)
  eden space 65536K, 34% used [0x000000076af80000,0x000000076c544e40,0x000000076ef80000)
  from space 10752K, 0% used [0x000000076fa00000,0x000000076fa00000,0x0000000770480000)
  to   space 10752K, 0% used [0x000000076ef80000,0x000000076ef80000,0x000000076fa00000)
 ParOldGen       total 175104K, used 0K [0x00000006c0e00000, 0x00000006cb900000, 0x000000076af80000)
  object space 175104K, 0% used [0x00000006c0e00000,0x00000006c0e00000,0x00000006cb900000)
 Metaspace       used 14354K, capacity 14546K, committed 14976K, reserved 1062912K
  class space    used 1741K, capacity 1815K, committed 1920K, reserved 1048576K

Card table byte_map: [0x00000000123f0000,0x0000000012bf0000] byte_map_base: 0x000000000ede9000

Marking Bits: (ParMarkBitMap*) 0x0000000063e3af90
 Begin Bits: [0x0000000013550000, 0x0000000017518000)
 End Bits:   [0x0000000017518000, 0x000000001b4e0000)

Polling page: 0x00000000010c0000

CodeCache: size=245760Kb used=2848Kb max_used=2848Kb free=242911Kb
 bounds [0x0000000003030000, 0x0000000003300000, 0x0000000012030000]
 total_blobs=1384 nmethods=845 adapters=452
 compilation: enabled

Compilation events (10 events):
Event: 40.869 Thread 0x000000001c69b000  838       3       java.lang.invoke.LambdaForm::parameter (52 bytes)
Event: 40.869 Thread 0x000000001c69b000 nmethod 838 0x00000000032f4050 code [0x00000000032f41a0, 0x00000000032f4330]
Event: 40.870 Thread 0x000000001c69b000  839       3       java.util.concurrent.locks.AbstractQueuedSynchronizer::compareAndSetState (13 bytes)
Event: 40.870 Thread 0x000000001c69b000 nmethod 839 0x00000000032f4410 code [0x00000000032f4560, 0x00000000032f46d0]
Event: 41.100 Thread 0x000000001c69b000  840       1       java.lang.String::toString (2 bytes)
Event: 41.100 Thread 0x000000001c69b000 nmethod 840 0x00000000032f4750 code [0x00000000032f48a0, 0x00000000032f49b0]
Event: 41.104 Thread 0x000000001c69b000  841       3       java.util.concurrent.locks.AbstractQueuedSynchronizer::release (33 bytes)
Event: 41.104 Thread 0x000000001c69b000 nmethod 841 0x00000000032f4a10 code [0x00000000032f4b80, 0x00000000032f4e98]
Event: 41.203 Thread 0x000000001c69b000  842       3       java.util.HashMap::putVal (300 bytes)
Event: 41.203 Thread 0x000000001c695800  844       4       java.util.HashMap::put (13 bytes)

GC Heap History (0 events):
No events

Deoptimization events (9 events):
Event: 0.322 Thread 0x00000000015ce000 Uncommon trap: reason=null_check action=make_not_entrant pc=0x00000000031a4514 method=java.lang.String.equals(Ljava/lang/Object;)Z @ 8
Event: 0.656 Thread 0x00000000015ce000 Uncommon trap: reason=class_check action=maybe_recompile pc=0x000000000323b440 method=java.util.HashMap.putVal(ILjava/lang/Object;Ljava/lang/Object;ZZ)Ljava/lang/Object; @ 253
Event: 0.656 Thread 0x00000000015ce000 Uncommon trap: reason=class_check action=maybe_recompile pc=0x000000000323b440 method=java.util.HashMap.putVal(ILjava/lang/Object;Ljava/lang/Object;ZZ)Ljava/lang/Object; @ 253
Event: 0.656 Thread 0x00000000015ce000 Uncommon trap: reason=class_check action=maybe_recompile pc=0x000000000323b440 method=java.util.HashMap.putVal(ILjava/lang/Object;Ljava/lang/Object;ZZ)Ljava/lang/Object; @ 253
Event: 0.656 Thread 0x00000000015ce000 Uncommon trap: reason=class_check action=maybe_recompile pc=0x000000000323b440 method=java.util.HashMap.putVal(ILjava/lang/Object;Ljava/lang/Object;ZZ)Ljava/lang/Object; @ 253
Event: 0.656 Thread 0x00000000015ce000 Uncommon trap: reason=class_check action=maybe_recompile pc=0x0000000003240acc method=java.util.HashMap.putVal(ILjava/lang/Object;Ljava/lang/Object;ZZ)Ljava/lang/Object; @ 253
Event: 41.203 Thread 0x000000001e7a6800 Uncommon trap: reason=class_check action=maybe_recompile pc=0x00000000032a0350 method=java.util.HashMap.putVal(ILjava/lang/Object;Ljava/lang/Object;ZZ)Ljava/lang/Object; @ 203
Event: 41.203 Thread 0x000000001e7a6800 Uncommon trap: reason=class_check action=maybe_recompile pc=0x00000000032a0350 method=java.util.HashMap.putVal(ILjava/lang/Object;Ljava/lang/Object;ZZ)Ljava/lang/Object; @ 203
Event: 41.203 Thread 0x000000001e7a6800 Uncommon trap: reason=class_check action=maybe_recompile pc=0x0000000003299d58 method=java.util.HashMap.putVal(ILjava/lang/Object;Ljava/lang/Object;ZZ)Ljava/lang/Object; @ 203

Classes redefined (0 events):
No events

Internal exceptions (10 events):
Event: 8.746 Thread 0x00000000015ce000 Exception <a 'java/net/SocketException': Software caused connection abort: recv failed> (0x000000076bf24400) thrown at [C:\jenkins\workspace\8-2-build-windows-amd64-cygwin\jdk8u251\737\hotspot\src\share\vm\prims\jni.cpp, line 736]
Event: 9.747 Thread 0x00000000015ce000 Exception <a 'java/net/SocketException': Software caused connection abort: recv failed> (0x000000076bf2c7d0) thrown at [C:\jenkins\workspace\8-2-build-windows-amd64-cygwin\jdk8u251\737\hotspot\src\share\vm\prims\jni.cpp, line 736]
Event: 10.747 Thread 0x00000000015ce000 Exception <a 'java/net/SocketException': Software caused connection abort: recv failed> (0x000000076bf34ba0) thrown at [C:\jenkins\workspace\8-2-build-windows-amd64-cygwin\jdk8u251\737\hotspot\src\share\vm\prims\jni.cpp, line 736]
Event: 11.761 Thread 0x000000001eb8a800 Exception <a 'java/net/SocketException': Socket closed> (0x000000076c028c90) thrown at [C:\jenkins\workspace\8-2-build-windows-amd64-cygwin\jdk8u251\737\hotspot\src\share\vm\prims\jni.cpp, line 736]
Event: 11.762 Thread 0x00000000015ce000 Exception <a 'java/net/SocketException': Software caused connection abort: recv failed> (0x000000076bf3d208) thrown at [C:\jenkins\workspace\8-2-build-windows-amd64-cygwin\jdk8u251\737\hotspot\src\share\vm\prims\jni.cpp, line 736]
Event: 12.759 Thread 0x00000000015ce000 Exception <a 'java/net/SocketException': Software caused connection abort: recv failed> (0x000000076bf455d8) thrown at [C:\jenkins\workspace\8-2-build-windows-amd64-cygwin\jdk8u251\737\hotspot\src\share\vm\prims\jni.cpp, line 736]
Event: 13.758 Thread 0x000000001e0b4800 Exception <a 'java/net/SocketException': Socket closed> (0x000000076c1715e0) thrown at [C:\jenkins\workspace\8-2-build-windows-amd64-cygwin\jdk8u251\737\hotspot\src\share\vm\prims\jni.cpp, line 736]
Event: 19.016 Thread 0x00000000015ce000 Exception <a 'sun/net/ConnectionResetException': > (0x000000076bf4d948) thrown at [C:\jenkins\workspace\8-2-build-windows-amd64-cygwin\jdk8u251\737\hotspot\src\share\vm\prims\jni.cpp, line 736]
Event: 19.016 Thread 0x00000000015ce000 Exception <a 'sun/net/ConnectionResetException': > (0x000000076bf4db78) thrown at [C:\jenkins\workspace\8-2-build-windows-amd64-cygwin\jdk8u251\737\hotspot\src\share\vm\prims\jni.cpp, line 736]
Event: 19.021 Thread 0x00000000015ce000 Exception <a 'java/lang/NullPointerException'> (0x000000076bf5b8a8) thrown at [C:\jenkins\workspace\8-2-build-windows-amd64-cygwin\jdk8u251\737\hotspot\src\share\vm\interpreter\linkResolver.cpp, line 1287]

Events (10 events):
Event: 41.202 loading class javax/swing/RepaintManager$DisplayChangedRunnable done
Event: 41.203 Thread 0x000000001e7a6800 Uncommon trap: trap_request=0xffffffde fr.pc=0x00000000032a0350
Event: 41.203 Thread 0x000000001e7a6800 DEOPT PACKING pc=0x00000000032a0350 sp=0x000000002708cd40
Event: 41.203 Thread 0x000000001e7a6800 DEOPT UNPACKING pc=0x000000000307583b sp=0x000000002708cc68 mode 2
Event: 41.203 Thread 0x000000001e7a6800 Uncommon trap: trap_request=0xffffffde fr.pc=0x00000000032a0350
Event: 41.203 Thread 0x000000001e7a6800 DEOPT PACKING pc=0x00000000032a0350 sp=0x000000002708cd40
Event: 41.203 Thread 0x000000001e7a6800 DEOPT UNPACKING pc=0x000000000307583b sp=0x000000002708cc68 mode 2
Event: 41.203 Thread 0x000000001e7a6800 Uncommon trap: trap_request=0xffffffde fr.pc=0x0000000003299d58
Event: 41.203 Thread 0x000000001e7a6800 DEOPT PACKING pc=0x0000000003299d58 sp=0x000000002708ccc0
Event: 41.203 Thread 0x000000001e7a6800 DEOPT UNPACKING pc=0x000000000307583b sp=0x000000002708cc68 mode 2


Dynamic libraries:
0x00007ff7938a0000 - 0x00007ff7938d7000 	C:\Program Files\Java\jdk1.8.0_251\bin\java.exe
0x00007ff99e3d0000 - 0x00007ff99e5bd000 	C:\Windows\SYSTEM32\ntdll.dll
0x00007ff99ca70000 - 0x00007ff99cb23000 	C:\Windows\System32\KERNEL32.DLL
0x00007ff99b0f0000 - 0x00007ff99b385000 	C:\Windows\System32\KERNELBASE.dll
0x00007ff99c230000 - 0x00007ff99c2d3000 	C:\Windows\System32\ADVAPI32.dll
0x00007ff99c4d0000 - 0x00007ff99c56e000 	C:\Windows\System32\msvcrt.dll
0x00007ff99e110000 - 0x00007ff99e1ae000 	C:\Windows\System32\sechost.dll
0x00007ff99c3a0000 - 0x00007ff99c4c2000 	C:\Windows\System32\RPCRT4.dll
0x00007ff99c6b0000 - 0x00007ff99c847000 	C:\Windows\System32\USER32.dll
0x00007ff99a580000 - 0x00007ff99a5a0000 	C:\Windows\System32\win32u.dll
0x00007ff99b9d0000 - 0x00007ff99b9f9000 	C:\Windows\System32\GDI32.dll
0x00007ff99af50000 - 0x00007ff99b0ea000 	C:\Windows\System32\gdi32full.dll
0x00007ff99a490000 - 0x00007ff99a530000 	C:\Windows\System32\msvcp_win.dll
0x00007ff99ada0000 - 0x00007ff99ae9a000 	C:\Windows\System32\ucrtbase.dll
0x00007ff990cb0000 - 0x00007ff990f29000 	C:\Windows\WinSxS\amd64_microsoft.windows.common-controls_6595b64144ccf1df_6.0.17763.1282_none_de75b6f253473c0f\COMCTL32.dll
0x00007ff99b5f0000 - 0x00007ff99b91c000 	C:\Windows\System32\combase.dll
0x00007ff99b570000 - 0x00007ff99b5ee000 	C:\Windows\System32\bcryptPrimitives.dll
0x00007ff99c9c0000 - 0x00007ff99c9ee000 	C:\Windows\System32\IMM32.DLL
0x0000000063530000 - 0x0000000063602000 	C:\Program Files\Java\jdk1.8.0_251\jre\bin\msvcr100.dll
0x0000000063610000 - 0x0000000063ebb000 	C:\Program Files\Java\jdk1.8.0_251\jre\bin\server\jvm.dll
0x00007ff99c6a0000 - 0x00007ff99c6a8000 	C:\Windows\System32\PSAPI.DLL
0x00007ff976800000 - 0x00007ff976809000 	C:\Windows\SYSTEM32\WSOCK32.dll
0x00007ff99c570000 - 0x00007ff99c5dd000 	C:\Windows\System32\WS2_32.dll
0x00007ff998400000 - 0x00007ff998424000 	C:\Windows\SYSTEM32\WINMM.dll
0x00007ff995980000 - 0x00007ff99598a000 	C:\Windows\SYSTEM32\VERSION.dll
0x00007ff998070000 - 0x00007ff99809d000 	C:\Windows\SYSTEM32\WINMMBASE.dll
0x00007ff99af00000 - 0x00007ff99af4a000 	C:\Windows\System32\cfgmgr32.dll
0x00007ff9767f0000 - 0x00007ff9767ff000 	C:\Program Files\Java\jdk1.8.0_251\jre\bin\verify.dll
0x00007ff972ec0000 - 0x00007ff972ee9000 	C:\Program Files\Java\jdk1.8.0_251\jre\bin\java.dll
0x00007ff9731e0000 - 0x00007ff9731f6000 	C:\Program Files\Java\jdk1.8.0_251\jre\bin\zip.dll
0x00007ff99cbb0000 - 0x00007ff99e0a8000 	C:\Windows\System32\SHELL32.dll
0x00007ff99b920000 - 0x00007ff99b9c8000 	C:\Windows\System32\shcore.dll
0x00007ff99a5a0000 - 0x00007ff99acef000 	C:\Windows\System32\windows.storage.dll
0x00007ff99a460000 - 0x00007ff99a484000 	C:\Windows\System32\profapi.dll
0x00007ff99a400000 - 0x00007ff99a45d000 	C:\Windows\System32\powrprof.dll
0x00007ff99e0b0000 - 0x00007ff99e102000 	C:\Windows\System32\shlwapi.dll
0x00007ff99a3c0000 - 0x00007ff99a3d1000 	C:\Windows\System32\kernel.appcore.dll
0x00007ff99a530000 - 0x00007ff99a547000 	C:\Windows\System32\cryptsp.dll
0x00007ff9555d0000 - 0x00007ff95576a000 	C:\Program Files\Java\jdk1.8.0_251\jre\bin\awt.dll
0x00007ff99be80000 - 0x00007ff99bf44000 	C:\Windows\System32\OLEAUT32.dll
0x00007ff9986b0000 - 0x00007ff99873c000 	C:\Windows\SYSTEM32\apphelp.dll
0x00007ff998c30000 - 0x00007ff998c5e000 	C:\Windows\system32\DWMAPI.DLL
0x00007ff99b390000 - 0x00007ff99b56c000 	C:\Windows\System32\CRYPT32.dll
0x00007ff99a3e0000 - 0x00007ff99a3f2000 	C:\Windows\System32\MSASN1.dll
0x00007ff998940000 - 0x00007ff9989dc000 	C:\Windows\system32\uxtheme.dll
0x00007ff9554a0000 - 0x00007ff9555c7000 	C:\Windows\system32\opengl32.dll
0x00007ff972e50000 - 0x00007ff972e7c000 	C:\Windows\SYSTEM32\GLU32.dll
0x00007ff99c850000 - 0x00007ff99c9bd000 	C:\Windows\System32\MSCTF.dll
0x00007ff99e240000 - 0x00007ff99e395000 	C:\Windows\System32\ole32.dll
0x00007ff991b00000 - 0x00007ff991c9e000 	C:\Windows\system32\d3d9.dll
0x00007ff995990000 - 0x00007ff995a7e000 	C:\Windows\System32\DriverStore\FileRepository\nv_dispi.inf_amd64_90685a092bcf58c7\nvldumdx.dll
0x00007ff99aea0000 - 0x00007ff99aef9000 	C:\Windows\System32\WINTRUST.DLL
0x00007ff99cb90000 - 0x00007ff99cbad000 	C:\Windows\System32\imagehlp.dll
0x00007ff999760000 - 0x00007ff999793000 	C:\Windows\system32\rsaenh.dll
0x00007ff99a550000 - 0x00007ff99a576000 	C:\Windows\System32\bcrypt.dll
0x00007ff999d50000 - 0x00007ff999d5c000 	C:\Windows\SYSTEM32\CRYPTBASE.dll
0x00007ff94a3d0000 - 0x00007ff94b86b000 	C:\Windows\System32\DriverStore\FileRepository\nv_dispi.inf_amd64_90685a092bcf58c7\nvd3dumx.dll
0x00007ff999010000 - 0x00007ff999032000 	C:\Windows\SYSTEM32\gpapi.dll
0x00007ff97bd30000 - 0x00007ff97bd5f000 	C:\Windows\SYSTEM32\cryptnet.dll
0x00007ff972c20000 - 0x00007ff972c69000 	C:\Program Files\Java\jdk1.8.0_251\jre\bin\fontmanager.dll
0x00007ff99c5e0000 - 0x00007ff99c682000 	C:\Windows\System32\clbcatq.dll
0x00007ff995ea0000 - 0x00007ff996058000 	C:\Windows\SYSTEM32\WindowsCodecs.dll
0x00007ff973bb0000 - 0x00007ff973c06000 	C:\Windows\system32\dataexchange.dll
0x00007ff997d80000 - 0x00007ff997f43000 	C:\Windows\system32\dcomp.dll
0x00007ff997540000 - 0x00007ff9977be000 	C:\Windows\system32\d3d11.dll
0x00007ff999090000 - 0x00007ff999152000 	C:\Windows\system32\dxgi.dll
0x00007ff998a10000 - 0x00007ff998c24000 	C:\Windows\system32\twinapi.appcore.dll
0x00007ff998c60000 - 0x00007ff998c88000 	C:\Windows\system32\RMCLIENT.dll
0x00007ff972ea0000 - 0x00007ff972eba000 	C:\Program Files\Java\jdk1.8.0_251\jre\bin\net.dll
0x00007ff999bd0000 - 0x00007ff999c37000 	C:\Windows\system32\mswsock.dll
0x00007ff972e80000 - 0x00007ff972e92000 	C:\Program Files\Java\jdk1.8.0_251\jre\bin\nio.dll
0x00007ff972bd0000 - 0x00007ff972c12000 	C:\Program Files\Java\jdk1.8.0_251\jre\bin\t2k.dll
0x00007ff973280000 - 0x00007ff973296000 	C:\Windows\system32\napinsp.dll
0x00007ff973260000 - 0x00007ff97327a000 	C:\Windows\system32\pnrpnsp.dll
0x00007ff999940000 - 0x00007ff999a07000 	C:\Windows\SYSTEM32\DNSAPI.dll
0x00007ff99e1b0000 - 0x00007ff99e1b8000 	C:\Windows\System32\NSI.dll
0x00007ff999900000 - 0x00007ff99993d000 	C:\Windows\SYSTEM32\IPHLPAPI.DLL
0x00007ff9767e0000 - 0x00007ff9767ee000 	C:\Windows\System32\winrnr.dll
0x00007ff996bf0000 - 0x00007ff996c0b000 	C:\Windows\system32\NLAapi.dll
0x00007ff991df0000 - 0x00007ff991e05000 	C:\Windows\system32\wshbth.dll
0x00007ff98ee10000 - 0x00007ff98ee1a000 	C:\Windows\System32\rasadhlp.dll
0x00007ff98f680000 - 0x00007ff98f6f9000 	C:\Windows\System32\fwpuclnt.dll
0x00007ff99a2b0000 - 0x00007ff99a2d8000 	C:\Windows\SYSTEM32\USERENV.dll
0x00007ff98ff70000 - 0x00007ff98ff86000 	C:\Windows\SYSTEM32\dhcpcsvc6.DLL
0x00007ff98fbf0000 - 0x00007ff98fc0c000 	C:\Windows\SYSTEM32\dhcpcsvc.DLL

VM Arguments:
jvm_args: -Dfile.encoding=UTF-8 
java_command: View.Run
java_class_path (initial): C:\Users\s2hdp\Documents\github\real\banhang\library\jcalendar-1.4.jar;C:\Users\s2hdp\Documents\github\real\banhang\library\mssql-jdbc-8.jre11.jar;C:\Users\s2hdp\Documents\github\real\banhang\project\build\classes
Launcher Type: SUN_STANDARD

Environment Variables:
PATH=C:\Program Files (x86)\Common Files\Oracle\Java\javapath;C:\Windows\system32;C:\Windows;C:\Windows\System32\Wbem;C:\Windows\System32\WindowsPowerShell\v1.0\;C:\Windows\System32\OpenSSH\;C:\Program Files\Git\cmd;C:\Program Files (x86)\Rational\common;C:\Program Files\Microsoft SQL Server\Client SDK\ODBC\170\Tools\Binn\;C:\Program Files (x86)\Microsoft SQL Server\150\Tools\Binn\;C:\Program Files\Microsoft SQL Server\150\Tools\Binn\;C:\Program Files\Microsoft SQL Server\150\DTS\Binn\;C:\Program Files (x86)\Microsoft SQL Server\150\DTS\Binn\;C:\Program Files\nodejs\;C:\Program Files (x86)\Yarn\bin\;C:\Program Files\Docker\Docker\resources\bin;C:\ProgramData\DockerDesktop\version-bin;C:\Users\s2hdp\AppData\Local\Microsoft\WindowsApps;;C:\Users\s2hdp\AppData\Local\Programs\Microsoft VS Code\bin;C:\Users\s2hdp\AppData\Roaming\npm;C:\Users\s2hdp\AppData\Local\Yarn\bin
USERNAME=s2hdp
OS=Windows_NT
PROCESSOR_IDENTIFIER=Intel64 Family 6 Model 60 Stepping 3, GenuineIntel



---------------  S Y S T E M  ---------------

OS: Windows 10.0 , 64 bit Build 17763 (10.0.17763.1158)

CPU:total 4 (initial active 4) (4 cores per cpu, 1 threads per core) family 6 model 60 stepping 3, cmov, cx8, fxsr, mmx, sse, sse2, sse3, ssse3, sse4.1, sse4.2, popcnt, avx, avx2, aes, clmul, erms, lzcnt, tsc, tscinvbit, bmi1, bmi2

Memory: 4k page, physical 16715488k(8208752k free), swap 31289180k(5408k free)

vm_info: Java HotSpot(TM) 64-Bit Server VM (25.251-b08) for windows-amd64 JRE (1.8.0_251-b08), built on Mar 12 2020 06:31:49 by "" with MS VC++ 10.0 (VS2010)

time: Sun Jun 21 14:49:49 2020
timezone: SE Asia Standard Time
elapsed time: 41 seconds (0d 0h 0m 41s)

