#
# There is insufficient memory for the Java Runtime Environment to continue.
# Native memory allocation (malloc) failed to allocate 68672 bytes for Chunk::new
# Possible reasons:
#   The system is out of physical RAM or swap space
#   The process is running with CompressedOops enabled, and the Java Heap may be blocking the growth of the native heap
# Possible solutions:
#   Reduce memory load on the system
#   Increase physical memory or swap space
#   Check if swap backing store is full
#   Decrease Java heap size (-Xmx/-Xms)
#   Decrease number of Java threads
#   Decrease Java thread stack sizes (-Xss)
#   Set larger code cache with -XX:ReservedCodeCacheSize=
#   JVM is running with Zero Based Compressed Oops mode in which the Java heap is
#     placed in the first 32GB address space. The Java Heap base address is the
#     maximum limit for the native heap growth. Please use -XX:HeapBaseMinAddress
#     to set the Java Heap base and to place the Java Heap above 32GB virtual address.
# This output file may be truncated or incomplete.
#
#  Out of Memory Error (allocation.cpp:389), pid=9624, tid=0x00000000000027b8
#
# JRE version: Java(TM) SE Runtime Environment (8.0_251-b08) (build 1.8.0_251-b08)
# Java VM: Java HotSpot(TM) 64-Bit Server VM (25.251-b08 mixed mode windows-amd64 compressed oops)
# Failed to write core dump. Minidumps are not enabled by default on client versions of Windows
#

---------------  T H R E A D  ---------------

Current thread (0x000000001c702000):  JavaThread "C2 CompilerThread0" daemon [_thread_in_native, id=10168, stack(0x000000001dd90000,0x000000001de90000)]

Stack: [0x000000001dd90000,0x000000001de90000]
[error occurred during error reporting (printing stack bounds), id 0xc0000005]

Native frames: (J=compiled Java code, j=interpreted, Vv=VM code, C=native code)


Current CompileTask:
C2:4898319 3098       4       java.util.HashMap::putVal (300 bytes)


---------------  P R O C E S S  ---------------

Java Threads: ( => current thread )
  0x000000001eb33800 JavaThread "TimerQueue" daemon [_thread_blocked, id=8052, stack(0x0000000029f70000,0x000000002a070000)]
  0x0000000027eca000 JavaThread "D3D Screen Updater" daemon [_thread_blocked, id=8736, stack(0x0000000028d20000,0x0000000028e20000)]
  0x00000000030ae000 JavaThread "DestroyJavaVM" [_thread_blocked, id=13268, stack(0x0000000002db0000,0x0000000002eb0000)]
  0x000000001e487800 JavaThread "AWT-EventQueue-0" [_thread_blocked, id=15132, stack(0x0000000027030000,0x0000000027130000)]
  0x000000001e45d800 JavaThread "AWT-Windows" daemon [_thread_in_native, id=7432, stack(0x000000001f280000,0x000000001f380000)]
  0x000000001e45a800 JavaThread "AWT-Shutdown" [_thread_blocked, id=12980, stack(0x000000001f180000,0x000000001f280000)]
  0x000000001e458800 JavaThread "Java2D Disposer" daemon [_thread_blocked, id=12448, stack(0x000000001efd0000,0x000000001f0d0000)]
  0x000000001e0ca800 JavaThread "Service Thread" daemon [_thread_blocked, id=7724, stack(0x000000001e490000,0x000000001e590000)]
  0x000000001c71b000 JavaThread "C1 CompilerThread2" daemon [_thread_blocked, id=14468, stack(0x000000001df90000,0x000000001e090000)]
  0x000000001c715800 JavaThread "C2 CompilerThread1" daemon [_thread_blocked, id=14260, stack(0x000000001de90000,0x000000001df90000)]
=>0x000000001c702000 JavaThread "C2 CompilerThread0" daemon [_thread_in_native, id=10168, stack(0x000000001dd90000,0x000000001de90000)]
  0x000000001c707800 JavaThread "Attach Listener" daemon [_thread_blocked, id=7944, stack(0x000000001dc90000,0x000000001dd90000)]
  0x000000001c706000 JavaThread "Signal Dispatcher" daemon [_thread_blocked, id=9408, stack(0x000000001db90000,0x000000001dc90000)]
  0x0000000002ffb000 JavaThread "Finalizer" daemon [_thread_blocked, id=5908, stack(0x000000001d990000,0x000000001da90000)]
  0x0000000002ff2000 JavaThread "Reference Handler" daemon [_thread_blocked, id=11040, stack(0x000000001d890000,0x000000001d990000)]

Other Threads:
  0x000000001c6c7000 VMThread [stack: 0x000000001d790000,0x000000001d890000] [id=10884]
  0x000000001e0eb800 WatcherThread [stack: 0x000000001e590000,0x000000001e690000] [id=4776]

VM state:not at safepoint (normal execution)

VM Mutex/Monitor currently owned by a thread: None

heap address: 0x00000006c0e00000, size: 4082 MB, Compressed Oops mode: Zero based, Oop shift amount: 3
Narrow klass base: 0x0000000000000000, Narrow klass shift: 3
Compressed class space size: 1073741824 Address: 0x00000007c0000000

Heap:
 PSYoungGen      total 76288K, used 18123K [0x000000076af80000, 0x0000000770480000, 0x00000007c0000000)
  eden space 65536K, 27% used [0x000000076af80000,0x000000076c132fd8,0x000000076ef80000)
  from space 10752K, 0% used [0x000000076ef80000,0x000000076ef80000,0x000000076fa00000)
  to   space 10752K, 0% used [0x000000076fa00000,0x000000076fa00000,0x0000000770480000)
 ParOldGen       total 74240K, used 8537K [0x00000006c0e00000, 0x00000006c5680000, 0x000000076af80000)
  object space 74240K, 11% used [0x00000006c0e00000,0x00000006c1656490,0x00000006c5680000)
 Metaspace       used 22301K, capacity 22624K, committed 22960K, reserved 1069056K
  class space    used 2666K, capacity 2784K, committed 2816K, reserved 1048576K

Card table byte_map: [0x0000000012470000,0x0000000012c70000] byte_map_base: 0x000000000ee69000

Marking Bits: (ParMarkBitMap*) 0x0000000063e3af90
 Begin Bits: [0x00000000135d0000, 0x0000000017598000)
 End Bits:   [0x0000000017598000, 0x000000001b560000)

Polling page: 0x0000000001180000

CodeCache: size=245760Kb used=9155Kb max_used=9161Kb free=236604Kb
 bounds [0x00000000030b0000, 0x00000000039b0000, 0x00000000120b0000]
 total_blobs=3526 nmethods=2886 adapters=550
 compilation: enabled

Compilation events (10 events):
Event: 4897.922 Thread 0x000000001c71b000 nmethod 3093 0x000000000399af50 code [0x000000000399b0e0, 0x000000000399b4b8]
Event: 4897.922 Thread 0x000000001c71b000 3094       3       java.lang.invoke.LambdaForm::prepare (43 bytes)
Event: 4897.923 Thread 0x000000001c71b000 nmethod 3094 0x000000000399a950 code [0x000000000399aae0, 0x000000000399ae28]
Event: 4898.266 Thread 0x000000001c71b000 3096       3       java.lang.invoke.LambdaForm::parameter (52 bytes)
Event: 4898.266 Thread 0x000000001c71b000 nmethod 3096 0x000000000399a590 code [0x000000000399a6e0, 0x000000000399a870]
Event: 4898.309 Thread 0x000000001c715800 3097       4       java.util.Arrays::binarySearch0 (95 bytes)
Event: 4898.311 Thread 0x000000001c702000 3098       4       java.util.HashMap::putVal (300 bytes)
Event: 4898.311 Thread 0x000000001c715800 nmethod 3097 0x0000000003998b90 code [0x0000000003998ce0, 0x0000000003998e98]
Event: 4898.311 Thread 0x000000001c71b000 3099   !   3       java.awt.Toolkit::setDesktopProperty (81 bytes)
Event: 4898.312 Thread 0x000000001c71b000 nmethod 3099 0x00000000039a8c90 code [0x00000000039a8ec0, 0x00000000039a9dc8]

GC Heap History (4 events):
Event: 7.479 GC heap before
{Heap before GC invocations=1 (full 0):
 PSYoungGen      total 76288K, used 45885K [0x000000076af80000, 0x0000000770480000, 0x00000007c0000000)
  eden space 65536K, 70% used [0x000000076af80000,0x000000076dc4f7f8,0x000000076ef80000)
  from space 10752K, 0% used [0x000000076fa00000,0x000000076fa00000,0x0000000770480000)
  to   space 10752K, 0% used [0x000000076ef80000,0x000000076ef80000,0x000000076fa00000)
 ParOldGen       total 175104K, used 0K [0x00000006c0e00000, 0x00000006cb900000, 0x000000076af80000)
  object space 175104K, 0% used [0x00000006c0e00000,0x00000006c0e00000,0x00000006cb900000)
 Metaspace       used 20878K, capacity 21114K, committed 21296K, reserved 1069056K
  class space    used 2543K, capacity 2645K, committed 2688K, reserved 1048576K
Event: 7.487 GC heap after
Heap after GC invocations=1 (full 0):
 PSYoungGen      total 76288K, used 8786K [0x000000076af80000, 0x0000000770480000, 0x00000007c0000000)
  eden space 65536K, 0% used [0x000000076af80000,0x000000076af80000,0x000000076ef80000)
  from space 10752K, 81% used [0x000000076ef80000,0x000000076f814b18,0x000000076fa00000)
  to   space 10752K, 0% used [0x000000076fa00000,0x000000076fa00000,0x0000000770480000)
 ParOldGen       total 175104K, used 24K [0x00000006c0e00000, 0x00000006cb900000, 0x000000076af80000)
  object space 175104K, 0% used [0x00000006c0e00000,0x00000006c0e06000,0x00000006cb900000)
 Metaspace       used 20878K, capacity 21114K, committed 21296K, reserved 1069056K
  class space    used 2543K, capacity 2645K, committed 2688K, reserved 1048576K
}
Event: 7.487 GC heap before
{Heap before GC invocations=2 (full 1):
 PSYoungGen      total 76288K, used 8786K [0x000000076af80000, 0x0000000770480000, 0x00000007c0000000)
  eden space 65536K, 0% used [0x000000076af80000,0x000000076af80000,0x000000076ef80000)
  from space 10752K, 81% used [0x000000076ef80000,0x000000076f814b18,0x000000076fa00000)
  to   space 10752K, 0% used [0x000000076fa00000,0x000000076fa00000,0x0000000770480000)
 ParOldGen       total 175104K, used 24K [0x00000006c0e00000, 0x00000006cb900000, 0x000000076af80000)
  object space 175104K, 0% used [0x00000006c0e00000,0x00000006c0e06000,0x00000006cb900000)
 Metaspace       used 20878K, capacity 21114K, committed 21296K, reserved 1069056K
  class space    used 2543K, capacity 2645K, committed 2688K, reserved 1048576K
Event: 7.514 GC heap after
Heap after GC invocations=2 (full 1):
 PSYoungGen      total 76288K, used 0K [0x000000076af80000, 0x0000000770480000, 0x00000007c0000000)
  eden space 65536K, 0% used [0x000000076af80000,0x000000076af80000,0x000000076ef80000)
  from space 10752K, 0% used [0x000000076ef80000,0x000000076ef80000,0x000000076fa00000)
  to   space 10752K, 0% used [0x000000076fa00000,0x000000076fa00000,0x0000000770480000)
 ParOldGen       total 74240K, used 8537K [0x00000006c0e00000, 0x00000006c5680000, 0x000000076af80000)
  object space 74240K, 11% used [0x00000006c0e00000,0x00000006c1656490,0x00000006c5680000)
 Metaspace       used 20878K, capacity 21114K, committed 21296K, reserved 1069056K
  class space    used 2543K, capacity 2645K, committed 2688K, reserved 1048576K
}

Deoptimization events (10 events):
Event: 9.439 Thread 0x000000001e487800 Uncommon trap: reason=bimorphic action=maybe_recompile pc=0x000000000344c7d0 method=java.util.regex.Pattern$BmpCharProperty.match(Ljava/util/regex/Matcher;ILjava/lang/CharSequence;)Z @ 16
Event: 9.455 Thread 0x000000001e487800 Uncommon trap: reason=bimorphic action=maybe_recompile pc=0x000000000344c7d0 method=java.util.regex.Pattern$BmpCharProperty.match(Ljava/util/regex/Matcher;ILjava/lang/CharSequence;)Z @ 16
Event: 9.471 Thread 0x000000001e487800 Uncommon trap: reason=bimorphic action=maybe_recompile pc=0x00000000035cb00c method=javax.swing.UIDefaults.getFromHashtable(Ljava/lang/Object;)Ljava/lang/Object; @ 126
Event: 12.980 Thread 0x000000001e487800 Uncommon trap: reason=bimorphic action=maybe_recompile pc=0x00000000035cb00c method=javax.swing.UIDefaults.getFromHashtable(Ljava/lang/Object;)Ljava/lang/Object; @ 126
Event: 21.432 Thread 0x000000001e487800 Uncommon trap: reason=bimorphic action=maybe_recompile pc=0x00000000035cb00c method=javax.swing.UIDefaults.getFromHashtable(Ljava/lang/Object;)Ljava/lang/Object; @ 126
Event: 24.914 Thread 0x000000001e487800 Uncommon trap: reason=bimorphic action=maybe_recompile pc=0x00000000035cb00c method=javax.swing.UIDefaults.getFromHashtable(Ljava/lang/Object;)Ljava/lang/Object; @ 126
Event: 26.926 Thread 0x000000001e487800 Uncommon trap: reason=bimorphic action=maybe_recompile pc=0x00000000035b81d8 method=javax.swing.UIDefaults.getFromHashtable(Ljava/lang/Object;)Ljava/lang/Object; @ 126
Event: 4898.266 Thread 0x000000001e45d800 Uncommon trap: reason=unstable_if action=reinterpret pc=0x00000000038f58a0 method=java.awt.EventQueue.coalesceEvent(Ljava/awt/AWTEvent;I)Z @ 16
Event: 4898.310 Thread 0x000000001e487800 Uncommon trap: reason=class_check action=maybe_recompile pc=0x00000000032ffd18 method=java.util.HashMap.putVal(ILjava/lang/Object;Ljava/lang/Object;ZZ)Ljava/lang/Object; @ 203
Event: 4898.311 Thread 0x000000001e487800 Uncommon trap: reason=class_check action=maybe_recompile pc=0x00000000032ffd18 method=java.util.HashMap.putVal(ILjava/lang/Object;Ljava/lang/Object;ZZ)Ljava/lang/Object; @ 203

Classes redefined (0 events):
No events

Internal exceptions (10 events):
Event: 0.085 Thread 0x00000000030ae000 Exception <a 'java/security/PrivilegedActionException'> (0x000000076b03b448) thrown at [C:\jenkins\workspace\8-2-build-windows-amd64-cygwin\jdk8u251\737\hotspot\src\share\vm\prims\jvm.cpp, line 1502]
Event: 0.088 Thread 0x00000000030ae000 Exception <a 'java/io/FileNotFoundException'> (0x000000076b03d518) thrown at [C:\jenkins\workspace\8-2-build-windows-amd64-cygwin\jdk8u251\737\hotspot\src\share\vm\prims\jni.cpp, line 710]
Event: 0.118 Thread 0x00000000030ae000 Exception <a 'java/lang/NoSuchFieldError': method resolution failed> (0x000000076b255c90) thrown at [C:\jenkins\workspace\8-2-build-windows-amd64-cygwin\jdk8u251\737\hotspot\src\share\vm\prims\methodHandles.cpp, line 1167]
Event: 0.120 Thread 0x00000000030ae000 Exception <a 'java/lang/NoSuchFieldError': method resolution failed> (0x000000076b263060) thrown at [C:\jenkins\workspace\8-2-build-windows-amd64-cygwin\jdk8u251\737\hotspot\src\share\vm\prims\methodHandles.cpp, line 1167]
Event: 0.155 Thread 0x00000000030ae000 Exception <a 'java/io/FileNotFoundException'> (0x000000076b2ff758) thrown at [C:\jenkins\workspace\8-2-build-windows-amd64-cygwin\jdk8u251\737\hotspot\src\share\vm\prims\jni.cpp, line 710]
Event: 0.314 Thread 0x00000000030ae000 Implicit null exception at 0x0000000003225a66 to 0x0000000003225c45
Event: 1.275 Thread 0x00000000030ae000 Implicit null exception at 0x00000000033b8e98 to 0x00000000033b8fdd
Event: 4.552 Thread 0x000000001e487800 Implicit null exception at 0x000000000345e829 to 0x0000000003460dcd
Event: 9.271 Thread 0x000000001e487800 Implicit null exception at 0x000000000370b901 to 0x000000000370c921
Event: 26.923 Thread 0x000000001e487800 Exception <a 'java/lang/NullPointerException'> (0x000000076bbc2de8) thrown at [C:\jenkins\workspace\8-2-build-windows-amd64-cygwin\jdk8u251\737\hotspot\src\share\vm\interpreter\linkResolver.cpp, line 1185]

Events (10 events):
Event: 4898.266 Thread 0x000000001e45d800 DEOPT PACKING pc=0x00000000038f58a0 sp=0x000000001f37ea00
Event: 4898.266 Thread 0x000000001e45d800 DEOPT UNPACKING pc=0x00000000030f583b sp=0x000000001f37e8a0 mode 2
Event: 4898.307 loading class javax/swing/RepaintManager$DisplayChangedRunnable
Event: 4898.307 loading class javax/swing/RepaintManager$DisplayChangedRunnable done
Event: 4898.310 Thread 0x000000001e487800 Uncommon trap: trap_request=0xffffffde fr.pc=0x00000000032ffd18
Event: 4898.311 Thread 0x000000001e487800 DEOPT PACKING pc=0x00000000032ffd18 sp=0x000000002712de30
Event: 4898.311 Thread 0x000000001e487800 DEOPT UNPACKING pc=0x00000000030f583b sp=0x000000002712dda8 mode 2
Event: 4898.311 Thread 0x000000001e487800 Uncommon trap: trap_request=0xffffffde fr.pc=0x00000000032ffd18
Event: 4898.311 Thread 0x000000001e487800 DEOPT PACKING pc=0x00000000032ffd18 sp=0x000000002712de30
Event: 4898.311 Thread 0x000000001e487800 DEOPT UNPACKING pc=0x00000000030f583b sp=0x000000002712dda8 mode 2


Dynamic libraries:
0x00007ff7938a0000 - 0x00007ff7938d7000 	C:\Program Files\Java\jdk1.8.0_251\bin\java.exe
0x00007ff99e3d0000 - 0x00007ff99e5bd000 	C:\Windows\SYSTEM32\ntdll.dll
0x00007ff99ca70000 - 0x00007ff99cb23000 	C:\Windows\System32\KERNEL32.DLL
0x00007ff99b0f0000 - 0x00007ff99b385000 	C:\Windows\System32\KERNELBASE.dll
0x00007ff99c230000 - 0x00007ff99c2d3000 	C:\Windows\System32\ADVAPI32.dll
0x00007ff99c4d0000 - 0x00007ff99c56e000 	C:\Windows\System32\msvcrt.dll
0x00007ff99e110000 - 0x00007ff99e1ae000 	C:\Windows\System32\sechost.dll
0x00007ff99c3a0000 - 0x00007ff99c4c2000 	C:\Windows\System32\RPCRT4.dll
0x00007ff99c6b0000 - 0x00007ff99c847000 	C:\Windows\System32\USER32.dll
0x00007ff99a580000 - 0x00007ff99a5a0000 	C:\Windows\System32\win32u.dll
0x00007ff99b9d0000 - 0x00007ff99b9f9000 	C:\Windows\System32\GDI32.dll
0x00007ff99af50000 - 0x00007ff99b0ea000 	C:\Windows\System32\gdi32full.dll
0x00007ff99a490000 - 0x00007ff99a530000 	C:\Windows\System32\msvcp_win.dll
0x00007ff99ada0000 - 0x00007ff99ae9a000 	C:\Windows\System32\ucrtbase.dll
0x00007ff990cb0000 - 0x00007ff990f29000 	C:\Windows\WinSxS\amd64_microsoft.windows.common-controls_6595b64144ccf1df_6.0.17763.1282_none_de75b6f253473c0f\COMCTL32.dll
0x00007ff99b5f0000 - 0x00007ff99b91c000 	C:\Windows\System32\combase.dll
0x00007ff99b570000 - 0x00007ff99b5ee000 	C:\Windows\System32\bcryptPrimitives.dll
0x00007ff99c9c0000 - 0x00007ff99c9ee000 	C:\Windows\System32\IMM32.DLL
0x0000000063530000 - 0x0000000063602000 	C:\Program Files\Java\jdk1.8.0_251\jre\bin\msvcr100.dll
0x0000000063610000 - 0x0000000063ebb000 	C:\Program Files\Java\jdk1.8.0_251\jre\bin\server\jvm.dll
0x00007ff99c6a0000 - 0x00007ff99c6a8000 	C:\Windows\System32\PSAPI.DLL
0x00007ff976800000 - 0x00007ff976809000 	C:\Windows\SYSTEM32\WSOCK32.dll
0x00007ff998400000 - 0x00007ff998424000 	C:\Windows\SYSTEM32\WINMM.dll
0x00007ff99c570000 - 0x00007ff99c5dd000 	C:\Windows\System32\WS2_32.dll
0x00007ff995980000 - 0x00007ff99598a000 	C:\Windows\SYSTEM32\VERSION.dll
0x00007ff998070000 - 0x00007ff99809d000 	C:\Windows\SYSTEM32\WINMMBASE.dll
0x00007ff99af00000 - 0x00007ff99af4a000 	C:\Windows\System32\cfgmgr32.dll
0x00007ff9767f0000 - 0x00007ff9767ff000 	C:\Program Files\Java\jdk1.8.0_251\jre\bin\verify.dll
0x00007ff972ec0000 - 0x00007ff972ee9000 	C:\Program Files\Java\jdk1.8.0_251\jre\bin\java.dll
0x00007ff9731e0000 - 0x00007ff9731f6000 	C:\Program Files\Java\jdk1.8.0_251\jre\bin\zip.dll
0x00007ff99cbb0000 - 0x00007ff99e0a8000 	C:\Windows\System32\SHELL32.dll
0x00007ff99b920000 - 0x00007ff99b9c8000 	C:\Windows\System32\shcore.dll
0x00007ff99a5a0000 - 0x00007ff99acef000 	C:\Windows\System32\windows.storage.dll
0x00007ff99a460000 - 0x00007ff99a484000 	C:\Windows\System32\profapi.dll
0x00007ff99a400000 - 0x00007ff99a45d000 	C:\Windows\System32\powrprof.dll
0x00007ff99e0b0000 - 0x00007ff99e102000 	C:\Windows\System32\shlwapi.dll
0x00007ff99a3c0000 - 0x00007ff99a3d1000 	C:\Windows\System32\kernel.appcore.dll
0x00007ff99a530000 - 0x00007ff99a547000 	C:\Windows\System32\cryptsp.dll
0x00007ff9555d0000 - 0x00007ff95576a000 	C:\Program Files\Java\jdk1.8.0_251\jre\bin\awt.dll
0x00007ff99be80000 - 0x00007ff99bf44000 	C:\Windows\System32\OLEAUT32.dll
0x00007ff9986b0000 - 0x00007ff99873c000 	C:\Windows\SYSTEM32\apphelp.dll
0x00007ff998c30000 - 0x00007ff998c5e000 	C:\Windows\system32\DWMAPI.DLL
0x00007ff99b390000 - 0x00007ff99b56c000 	C:\Windows\System32\CRYPT32.dll
0x00007ff99a3e0000 - 0x00007ff99a3f2000 	C:\Windows\System32\MSASN1.dll
0x00007ff998940000 - 0x00007ff9989dc000 	C:\Windows\system32\uxtheme.dll
0x00007ff9554a0000 - 0x00007ff9555c7000 	C:\Windows\system32\opengl32.dll
0x00007ff972e50000 - 0x00007ff972e7c000 	C:\Windows\SYSTEM32\GLU32.dll
0x00007ff99c850000 - 0x00007ff99c9bd000 	C:\Windows\System32\MSCTF.dll
0x00007ff99e240000 - 0x00007ff99e395000 	C:\Windows\System32\ole32.dll
0x00007ff991b00000 - 0x00007ff991c9e000 	C:\Windows\system32\d3d9.dll
0x00007ff995990000 - 0x00007ff995a7e000 	C:\Windows\System32\DriverStore\FileRepository\nv_dispi.inf_amd64_90685a092bcf58c7\nvldumdx.dll
0x00007ff99aea0000 - 0x00007ff99aef9000 	C:\Windows\System32\WINTRUST.DLL
0x00007ff99cb90000 - 0x00007ff99cbad000 	C:\Windows\System32\imagehlp.dll
0x00007ff999760000 - 0x00007ff999793000 	C:\Windows\system32\rsaenh.dll
0x00007ff99a550000 - 0x00007ff99a576000 	C:\Windows\System32\bcrypt.dll
0x00007ff999d50000 - 0x00007ff999d5c000 	C:\Windows\SYSTEM32\CRYPTBASE.dll
0x00007ff94a3d0000 - 0x00007ff94b86b000 	C:\Windows\System32\DriverStore\FileRepository\nv_dispi.inf_amd64_90685a092bcf58c7\nvd3dumx.dll
0x00007ff999010000 - 0x00007ff999032000 	C:\Windows\SYSTEM32\gpapi.dll
0x00007ff97bd30000 - 0x00007ff97bd5f000 	C:\Windows\SYSTEM32\cryptnet.dll
0x00007ff972c20000 - 0x00007ff972c69000 	C:\Program Files\Java\jdk1.8.0_251\jre\bin\fontmanager.dll
0x00007ff99c5e0000 - 0x00007ff99c682000 	C:\Windows\System32\clbcatq.dll
0x00007ff995ea0000 - 0x00007ff996058000 	C:\Windows\SYSTEM32\WindowsCodecs.dll
0x00007ff973bb0000 - 0x00007ff973c06000 	C:\Windows\system32\dataexchange.dll
0x00007ff997540000 - 0x00007ff9977be000 	C:\Windows\system32\d3d11.dll
0x00007ff997d80000 - 0x00007ff997f43000 	C:\Windows\system32\dcomp.dll
0x00007ff999090000 - 0x00007ff999152000 	C:\Windows\system32\dxgi.dll
0x00007ff998a10000 - 0x00007ff998c24000 	C:\Windows\system32\twinapi.appcore.dll
0x00007ff998c60000 - 0x00007ff998c88000 	C:\Windows\system32\RMCLIENT.dll
0x00007ff972ea0000 - 0x00007ff972eba000 	C:\Program Files\Java\jdk1.8.0_251\jre\bin\net.dll
0x00007ff999bd0000 - 0x00007ff999c37000 	C:\Windows\system32\mswsock.dll
0x00007ff972e80000 - 0x00007ff972e92000 	C:\Program Files\Java\jdk1.8.0_251\jre\bin\nio.dll
0x00007ff972bd0000 - 0x00007ff972c12000 	C:\Program Files\Java\jdk1.8.0_251\jre\bin\t2k.dll
0x00007ff973280000 - 0x00007ff973296000 	C:\Windows\system32\napinsp.dll
0x00007ff973260000 - 0x00007ff97327a000 	C:\Windows\system32\pnrpnsp.dll
0x00007ff999940000 - 0x00007ff999a07000 	C:\Windows\SYSTEM32\DNSAPI.dll
0x00007ff99e1b0000 - 0x00007ff99e1b8000 	C:\Windows\System32\NSI.dll
0x00007ff999900000 - 0x00007ff99993d000 	C:\Windows\SYSTEM32\IPHLPAPI.DLL
0x00007ff9767e0000 - 0x00007ff9767ee000 	C:\Windows\System32\winrnr.dll
0x00007ff996bf0000 - 0x00007ff996c0b000 	C:\Windows\system32\NLAapi.dll
0x00007ff991df0000 - 0x00007ff991e05000 	C:\Windows\system32\wshbth.dll
0x00007ff98ee10000 - 0x00007ff98ee1a000 	C:\Windows\System32\rasadhlp.dll
0x00007ff98f680000 - 0x00007ff98f6f9000 	C:\Windows\System32\fwpuclnt.dll
0x00007ff99a2b0000 - 0x00007ff99a2d8000 	C:\Windows\SYSTEM32\USERENV.dll
0x00007ff98ff70000 - 0x00007ff98ff86000 	C:\Windows\SYSTEM32\dhcpcsvc6.DLL
0x00007ff98fbf0000 - 0x00007ff98fc0c000 	C:\Windows\SYSTEM32\dhcpcsvc.DLL
0x00007ff95b8f0000 - 0x00007ff95b914000 	C:\Program Files\Java\jdk1.8.0_251\jre\bin\sunec.dll
0x00007ff978390000 - 0x00007ff97839c000 	C:\Program Files\Java\jdk1.8.0_251\jre\bin\sunmscapi.dll
0x00007ff999ef0000 - 0x00007ff999f16000 	C:\Windows\SYSTEM32\ncrypt.dll
0x00007ff999eb0000 - 0x00007ff999eec000 	C:\Windows\SYSTEM32\NTASN1.dll
0x00007ff980fe0000 - 0x00007ff981075000 	C:\Windows\System32\TextInputFramework.dll
0x00007ff996370000 - 0x00007ff996692000 	C:\Windows\System32\CoreUIComponents.dll
0x00007ff997f80000 - 0x00007ff998062000 	C:\Windows\System32\CoreMessaging.dll
0x00007ff9993e0000 - 0x00007ff999411000 	C:\Windows\SYSTEM32\ntmarta.dll
0x00007ff9961c0000 - 0x00007ff996313000 	C:\Windows\SYSTEM32\wintypes.dll

VM Arguments:
jvm_args: -Dfile.encoding=UTF-8 
java_command: View.Run
java_class_path (initial): C:\Users\s2hdp\Documents\github\real\banhang\library\jcalendar-1.4.jar;C:\Users\s2hdp\Documents\github\real\banhang\library\mssql-jdbc-8.jre11.jar;C:\Users\s2hdp\Documents\github\real\banhang\project\build\classes
Launcher Type: SUN_STANDARD

Environment Variables:
PATH=C:\Program Files (x86)\Common Files\Oracle\Java\javapath;C:\Windows\system32;C:\Windows;C:\Windows\System32\Wbem;C:\Windows\System32\WindowsPowerShell\v1.0\;C:\Windows\System32\OpenSSH\;C:\Program Files\Git\cmd;C:\Program Files (x86)\Rational\common;C:\Program Files\Microsoft SQL Server\Client SDK\ODBC\170\Tools\Binn\;C:\Program Files (x86)\Microsoft SQL Server\150\Tools\Binn\;C:\Program Files\Microsoft SQL Server\150\Tools\Binn\;C:\Program Files\Microsoft SQL Server\150\DTS\Binn\;C:\Program Files (x86)\Microsoft SQL Server\150\DTS\Binn\;C:\Program Files\nodejs\;C:\Program Files (x86)\Yarn\bin\;C:\Program Files\Docker\Docker\resources\bin;C:\ProgramData\DockerDesktop\version-bin;C:\Users\s2hdp\AppData\Local\Microsoft\WindowsApps;;C:\Users\s2hdp\AppData\Local\Programs\Microsoft VS Code\bin;C:\Users\s2hdp\AppData\Roaming\npm;C:\Users\s2hdp\AppData\Local\Yarn\bin
USERNAME=s2hdp
OS=Windows_NT
PROCESSOR_IDENTIFIER=Intel64 Family 6 Model 60 Stepping 3, GenuineIntel



---------------  S Y S T E M  ---------------

OS: Windows 10.0 , 64 bit Build 17763 (10.0.17763.1158)

CPU:total 4 (initial active 4) (4 cores per cpu, 1 threads per core) family 6 model 60 stepping 3, cmov, cx8, fxsr, mmx, sse, sse2, sse3, ssse3, sse4.1, sse4.2, popcnt, avx, avx2, aes, clmul, erms, lzcnt, tsc, tscinvbit, bmi1, bmi2

Memory: 4k page, physical 16715488k(8294268k free), swap 31289180k(4380k free)

vm_info: Java HotSpot(TM) 64-Bit Server VM (25.251-b08) for windows-amd64 JRE (1.8.0_251-b08), built on Mar 12 2020 06:31:49 by "" with MS VC++ 10.0 (VS2010)

time: Sun Jun 21 14:49:49 2020
timezone: SE Asia Standard Time
elapsed time: 4898 seconds (0d 1h 21m 38s)

