#
# There is insufficient memory for the Java Runtime Environment to continue.
# Native memory allocation (malloc) failed to allocate 32744 bytes for ChunkPool::allocate
# Possible reasons:
#   The system is out of physical RAM or swap space
#   The process is running with CompressedOops enabled, and the Java Heap may be blocking the growth of the native heap
# Possible solutions:
#   Reduce memory load on the system
#   Increase physical memory or swap space
#   Check if swap backing store is full
#   Decrease Java heap size (-Xmx/-Xms)
#   Decrease number of Java threads
#   Decrease Java thread stack sizes (-Xss)
#   Set larger code cache with -XX:ReservedCodeCacheSize=
#   JVM is running with Zero Based Compressed Oops mode in which the Java heap is
#     placed in the first 32GB address space. The Java Heap base address is the
#     maximum limit for the native heap growth. Please use -XX:HeapBaseMinAddress
#     to set the Java Heap base and to place the Java Heap above 32GB virtual address.
# This output file may be truncated or incomplete.
#
#  Out of Memory Error (allocation.cpp:272), pid=10700, tid=0x00000000000012ac
#
# JRE version: Java(TM) SE Runtime Environment (8.0_251-b08) (build 1.8.0_251-b08)
# Java VM: Java HotSpot(TM) 64-Bit Server VM (25.251-b08 mixed mode windows-amd64 compressed oops)
# Failed to write core dump. Minidumps are not enabled by default on client versions of Windows
#

---------------  T H R E A D  ---------------

Current thread (0x000000001c56a000):  JavaThread "C1 CompilerThread2" daemon [_thread_in_native, id=4780, stack(0x000000001ddd0000,0x000000001ded0000)]

Stack: [0x000000001ddd0000,0x000000001ded0000]
[error occurred during error reporting (printing stack bounds), id 0xc0000005]

Native frames: (J=compiled Java code, j=interpreted, Vv=VM code, C=native code)


Current CompileTask:
C1:1495253 3104   !   3       java.awt.Toolkit::setDesktopProperty (81 bytes)


---------------  P R O C E S S  ---------------

Java Threads: ( => current thread )
  0x000000001eaac800 JavaThread "TimerQueue" daemon [_thread_blocked, id=16144, stack(0x0000000029e50000,0x0000000029f50000)]
  0x000000001eb83000 JavaThread "D3D Screen Updater" daemon [_thread_blocked, id=12412, stack(0x0000000028c10000,0x0000000028d10000)]
  0x0000000002d6e000 JavaThread "DestroyJavaVM" [_thread_blocked, id=9960, stack(0x0000000002c30000,0x0000000002d30000)]
  0x000000001e2ce000 JavaThread "AWT-EventQueue-0" [_thread_in_Java, id=14220, stack(0x0000000026e80000,0x0000000026f80000)]
  0x000000001e29c000 JavaThread "AWT-Windows" daemon [_thread_in_native, id=9504, stack(0x000000001f0d0000,0x000000001f1d0000)]
  0x000000001e299800 JavaThread "AWT-Shutdown" [_thread_blocked, id=12728, stack(0x000000001efd0000,0x000000001f0d0000)]
  0x000000001e298800 JavaThread "Java2D Disposer" daemon [_thread_blocked, id=12092, stack(0x000000001ee10000,0x000000001ef10000)]
  0x000000001df00800 JavaThread "Service Thread" daemon [_thread_blocked, id=16368, stack(0x000000001e2d0000,0x000000001e3d0000)]
=>0x000000001c56a000 JavaThread "C1 CompilerThread2" daemon [_thread_in_native, id=4780, stack(0x000000001ddd0000,0x000000001ded0000)]
  0x000000001c55d000 JavaThread "C2 CompilerThread1" daemon [_thread_in_native, id=13988, stack(0x000000001dcd0000,0x000000001ddd0000)]
  0x000000001c555800 JavaThread "C2 CompilerThread0" daemon [_thread_blocked, id=15224, stack(0x000000001dbd0000,0x000000001dcd0000)]
  0x000000001c554800 JavaThread "Attach Listener" daemon [_thread_blocked, id=6376, stack(0x000000001dad0000,0x000000001dbd0000)]
  0x000000001c553000 JavaThread "Signal Dispatcher" daemon [_thread_blocked, id=15048, stack(0x000000001d9d0000,0x000000001dad0000)]
  0x0000000002eac800 JavaThread "Finalizer" daemon [_thread_blocked, id=16012, stack(0x000000001d7d0000,0x000000001d8d0000)]
  0x0000000002ea4000 JavaThread "Reference Handler" daemon [_thread_blocked, id=8760, stack(0x000000001d6d0000,0x000000001d7d0000)]

Other Threads:
  0x000000001c516800 VMThread [stack: 0x000000001d5d0000,0x000000001d6d0000] [id=8668]
  0x000000001df35800 WatcherThread [stack: 0x000000001e3d0000,0x000000001e4d0000] [id=15608]

VM state:not at safepoint (normal execution)

VM Mutex/Monitor currently owned by a thread: None

heap address: 0x00000006c0e00000, size: 4082 MB, Compressed Oops mode: Zero based, Oop shift amount: 3
Narrow klass base: 0x0000000000000000, Narrow klass shift: 3
Compressed class space size: 1073741824 Address: 0x00000007c0000000

Heap:
 PSYoungGen      total 76288K, used 11793K [0x000000076af80000, 0x0000000770480000, 0x00000007c0000000)
  eden space 65536K, 17% used [0x000000076af80000,0x000000076bb04530,0x000000076ef80000)
  from space 10752K, 0% used [0x000000076ef80000,0x000000076ef80000,0x000000076fa00000)
  to   space 10752K, 0% used [0x000000076fa00000,0x000000076fa00000,0x0000000770480000)
 ParOldGen       total 74240K, used 8517K [0x00000006c0e00000, 0x00000006c5680000, 0x000000076af80000)
  object space 74240K, 11% used [0x00000006c0e00000,0x00000006c1651610,0x00000006c5680000)
 Metaspace       used 22286K, capacity 22572K, committed 22832K, reserved 1069056K
  class space    used 2638K, capacity 2750K, committed 2864K, reserved 1048576K

Card table byte_map: [0x0000000012270000,0x0000000012a70000] byte_map_base: 0x000000000ec69000

Marking Bits: (ParMarkBitMap*) 0x0000000063e3af90
 Begin Bits: [0x00000000133d0000, 0x0000000017398000)
 End Bits:   [0x0000000017398000, 0x000000001b360000)

Polling page: 0x0000000002d30000

CodeCache: size=245760Kb used=9861Kb max_used=9872Kb free=235898Kb
 bounds [0x0000000002eb0000, 0x0000000003860000, 0x0000000011eb0000]
 total_blobs=3723 nmethods=3082 adapters=550
 compilation: enabled

Compilation events (10 events):
Event: 1494.783 Thread 0x000000001c56a000 nmethod 3097 0x0000000003854550 code [0x00000000038546a0, 0x0000000003854870]
Event: 1494.783 Thread 0x000000001c56a000 3098       3       java.lang.invoke.MethodHandle::<init> (35 bytes)
Event: 1494.783 Thread 0x000000001c56a000 nmethod 3098 0x0000000003853e50 code [0x0000000003853fe0, 0x00000000038543b8]
Event: 1494.783 Thread 0x000000001c56a000 3099       3       java.lang.invoke.LambdaForm::prepare (43 bytes)
Event: 1494.784 Thread 0x000000001c56a000 nmethod 3099 0x0000000003856210 code [0x00000000038563a0, 0x00000000038566e8]
Event: 1494.996 Thread 0x000000001c56a000 3101       3       java.lang.invoke.LambdaForm::parameter (52 bytes)
Event: 1494.996 Thread 0x000000001c56a000 nmethod 3101 0x0000000003855e50 code [0x0000000003855fa0, 0x0000000003856130]
Event: 1495.251 Thread 0x000000001c555800 3102       4       java.util.Arrays::binarySearch0 (95 bytes)
Event: 1495.252 Thread 0x000000001c55d000 3103       4       java.util.HashMap::putVal (300 bytes)
Event: 1495.252 Thread 0x000000001c56a000 3104   !   3       java.awt.Toolkit::setDesktopProperty (81 bytes)

GC Heap History (4 events):
Event: 19.065 GC heap before
{Heap before GC invocations=1 (full 0):
 PSYoungGen      total 76288K, used 51210K [0x000000076af80000, 0x0000000770480000, 0x00000007c0000000)
  eden space 65536K, 78% used [0x000000076af80000,0x000000076e182ab0,0x000000076ef80000)
  from space 10752K, 0% used [0x000000076fa00000,0x000000076fa00000,0x0000000770480000)
  to   space 10752K, 0% used [0x000000076ef80000,0x000000076ef80000,0x000000076fa00000)
 ParOldGen       total 175104K, used 0K [0x00000006c0e00000, 0x00000006cb900000, 0x000000076af80000)
  object space 175104K, 0% used [0x00000006c0e00000,0x00000006c0e00000,0x00000006cb900000)
 Metaspace       used 20914K, capacity 21146K, committed 21296K, reserved 1069056K
  class space    used 2472K, capacity 2573K, committed 2608K, reserved 1048576K
Event: 19.074 GC heap after
Heap after GC invocations=1 (full 0):
 PSYoungGen      total 76288K, used 8738K [0x000000076af80000, 0x0000000770480000, 0x00000007c0000000)
  eden space 65536K, 0% used [0x000000076af80000,0x000000076af80000,0x000000076ef80000)
  from space 10752K, 81% used [0x000000076ef80000,0x000000076f808b08,0x000000076fa00000)
  to   space 10752K, 0% used [0x000000076fa00000,0x000000076fa00000,0x0000000770480000)
 ParOldGen       total 175104K, used 24K [0x00000006c0e00000, 0x00000006cb900000, 0x000000076af80000)
  object space 175104K, 0% used [0x00000006c0e00000,0x00000006c0e06000,0x00000006cb900000)
 Metaspace       used 20914K, capacity 21146K, committed 21296K, reserved 1069056K
  class space    used 2472K, capacity 2573K, committed 2608K, reserved 1048576K
}
Event: 19.074 GC heap before
{Heap before GC invocations=2 (full 1):
 PSYoungGen      total 76288K, used 8738K [0x000000076af80000, 0x0000000770480000, 0x00000007c0000000)
  eden space 65536K, 0% used [0x000000076af80000,0x000000076af80000,0x000000076ef80000)
  from space 10752K, 81% used [0x000000076ef80000,0x000000076f808b08,0x000000076fa00000)
  to   space 10752K, 0% used [0x000000076fa00000,0x000000076fa00000,0x0000000770480000)
 ParOldGen       total 175104K, used 24K [0x00000006c0e00000, 0x00000006cb900000, 0x000000076af80000)
  object space 175104K, 0% used [0x00000006c0e00000,0x00000006c0e06000,0x00000006cb900000)
 Metaspace       used 20914K, capacity 21146K, committed 21296K, reserved 1069056K
  class space    used 2472K, capacity 2573K, committed 2608K, reserved 1048576K
Event: 19.102 GC heap after
Heap after GC invocations=2 (full 1):
 PSYoungGen      total 76288K, used 0K [0x000000076af80000, 0x0000000770480000, 0x00000007c0000000)
  eden space 65536K, 0% used [0x000000076af80000,0x000000076af80000,0x000000076ef80000)
  from space 10752K, 0% used [0x000000076ef80000,0x000000076ef80000,0x000000076fa00000)
  to   space 10752K, 0% used [0x000000076fa00000,0x000000076fa00000,0x0000000770480000)
 ParOldGen       total 74240K, used 8517K [0x00000006c0e00000, 0x00000006c5680000, 0x000000076af80000)
  object space 74240K, 11% used [0x00000006c0e00000,0x00000006c1651610,0x00000006c5680000)
 Metaspace       used 20914K, capacity 21146K, committed 21296K, reserved 1069056K
  class space    used 2472K, capacity 2573K, committed 2608K, reserved 1048576K
}

Deoptimization events (10 events):
Event: 19.170 Thread 0x000000001e2ce000 Uncommon trap: reason=unstable_if action=reinterpret pc=0x00000000031392b4 method=java.lang.CharacterDataLatin1.digit(II)I @ 60
Event: 19.187 Thread 0x000000001e2ce000 Uncommon trap: reason=class_check action=maybe_recompile pc=0x000000000367623c method=java.awt.Component.getBackground()Ljava/awt/Color; @ 21
Event: 19.204 Thread 0x000000001e2ce000 Uncommon trap: reason=class_check action=maybe_recompile pc=0x000000000367623c method=java.awt.Component.getBackground()Ljava/awt/Color; @ 21
Event: 20.854 Thread 0x000000001e2ce000 Uncommon trap: reason=unstable_if action=reinterpret pc=0x000000000362f710 method=java.awt.Container.findComponentAtImpl(IIZ)Ljava/awt/Component; @ 24
Event: 22.174 Thread 0x000000001e2ce000 Uncommon trap: reason=unstable_if action=reinterpret pc=0x000000000312e230 method=java.lang.CharacterDataLatin1.digit(II)I @ 60
Event: 22.179 Thread 0x000000001e2ce000 Uncommon trap: reason=unstable_if action=reinterpret pc=0x000000000381af28 method=java.awt.EventQueue.getPriority(Ljava/awt/AWTEvent;)I @ 4
Event: 22.181 Thread 0x000000001e2ce000 Uncommon trap: reason=unstable_if action=reinterpret pc=0x00000000035ddb84 method=java.beans.ChangeListenerMap.get(Ljava/lang/String;)[Ljava/util/EventListener; @ 4
Event: 22.245 Thread 0x000000001e2ce000 Uncommon trap: reason=class_check action=maybe_recompile pc=0x000000000367623c method=java.awt.Component.getBackground()Ljava/awt/Color; @ 21
Event: 1495.252 Thread 0x000000001e2ce000 Uncommon trap: reason=class_check action=maybe_recompile pc=0x0000000003707f2c method=java.util.HashMap.putVal(ILjava/lang/Object;Ljava/lang/Object;ZZ)Ljava/lang/Object; @ 203
Event: 1495.252 Thread 0x000000001e2ce000 Uncommon trap: reason=class_check action=maybe_recompile pc=0x0000000003707f2c method=java.util.HashMap.putVal(ILjava/lang/Object;Ljava/lang/Object;ZZ)Ljava/lang/Object; @ 203

Classes redefined (0 events):
No events

Internal exceptions (10 events):
Event: 15.688 Thread 0x000000001e2ce000 Exception <a 'java/lang/NullPointerException'> (0x000000076dcf90d8) thrown at [C:\jenkins\workspace\8-2-build-windows-amd64-cygwin\jdk8u251\737\hotspot\src\share\vm\interpreter\linkResolver.cpp, line 1185]
Event: 15.688 Thread 0x000000001e2ce000 Exception <a 'java/lang/NullPointerException'> (0x000000076dcfa630) thrown at [C:\jenkins\workspace\8-2-build-windows-amd64-cygwin\jdk8u251\737\hotspot\src\share\vm\interpreter\linkResolver.cpp, line 1185]
Event: 17.839 Thread 0x000000001e2ce000 Exception <a 'java/lang/NullPointerException'> (0x000000076def65f8) thrown at [C:\jenkins\workspace\8-2-build-windows-amd64-cygwin\jdk8u251\737\hotspot\src\share\vm\interpreter\linkResolver.cpp, line 1185]
Event: 17.840 Thread 0x000000001e2ce000 Exception <a 'java/lang/NullPointerException'> (0x000000076def6ef8) thrown at [C:\jenkins\workspace\8-2-build-windows-amd64-cygwin\jdk8u251\737\hotspot\src\share\vm\interpreter\linkResolver.cpp, line 1185]
Event: 17.840 Thread 0x000000001e2ce000 Exception <a 'java/lang/NullPointerException'> (0x000000076def84f8) thrown at [C:\jenkins\workspace\8-2-build-windows-amd64-cygwin\jdk8u251\737\hotspot\src\share\vm\interpreter\linkResolver.cpp, line 1185]
Event: 17.840 Thread 0x000000001e2ce000 Exception <a 'java/lang/NullPointerException'> (0x000000076def98d8) thrown at [C:\jenkins\workspace\8-2-build-windows-amd64-cygwin\jdk8u251\737\hotspot\src\share\vm\interpreter\linkResolver.cpp, line 1185]
Event: 17.840 Thread 0x000000001e2ce000 Exception <a 'java/lang/NullPointerException'> (0x000000076defa130) thrown at [C:\jenkins\workspace\8-2-build-windows-amd64-cygwin\jdk8u251\737\hotspot\src\share\vm\interpreter\linkResolver.cpp, line 1185]
Event: 17.841 Thread 0x000000001e2ce000 Exception <a 'java/lang/NullPointerException'> (0x000000076defb688) thrown at [C:\jenkins\workspace\8-2-build-windows-amd64-cygwin\jdk8u251\737\hotspot\src\share\vm\interpreter\linkResolver.cpp, line 1185]
Event: 22.181 Thread 0x000000001e2ce000 Implicit null exception at 0x00000000035dccff to 0x00000000035ddb5d
Event: 22.219 Thread 0x000000001e2ce000 Exception <a 'java/lang/NullPointerException'> (0x000000076b73ac70) thrown at [C:\jenkins\workspace\8-2-build-windows-amd64-cygwin\jdk8u251\737\hotspot\src\share\vm\interpreter\linkResolver.cpp, line 1185]

Events (10 events):
Event: 1494.751 loading class java/util/WeakHashMap$HashIterator done
Event: 1494.751 loading class java/util/WeakHashMap$KeyIterator done
Event: 1495.248 loading class javax/swing/RepaintManager$DisplayChangedRunnable
Event: 1495.248 loading class javax/swing/RepaintManager$DisplayChangedRunnable done
Event: 1495.252 Thread 0x000000001e2ce000 Uncommon trap: trap_request=0xffffffde fr.pc=0x0000000003707f2c
Event: 1495.252 Thread 0x000000001e2ce000 DEOPT PACKING pc=0x0000000003707f2c sp=0x0000000026f7dde0
Event: 1495.252 Thread 0x000000001e2ce000 DEOPT UNPACKING pc=0x0000000002ef583b sp=0x0000000026f7dd58 mode 2
Event: 1495.252 Thread 0x000000001e2ce000 Uncommon trap: trap_request=0xffffffde fr.pc=0x0000000003707f2c
Event: 1495.252 Thread 0x000000001e2ce000 DEOPT PACKING pc=0x0000000003707f2c sp=0x0000000026f7dde0
Event: 1495.252 Thread 0x000000001e2ce000 DEOPT UNPACKING pc=0x0000000002ef583b sp=0x0000000026f7dd58 mode 2


Dynamic libraries:
0x00007ff7938a0000 - 0x00007ff7938d7000 	C:\Program Files\Java\jdk1.8.0_251\bin\java.exe
0x00007ff99e3d0000 - 0x00007ff99e5bd000 	C:\Windows\SYSTEM32\ntdll.dll
0x00007ff99ca70000 - 0x00007ff99cb23000 	C:\Windows\System32\KERNEL32.DLL
0x00007ff99b0f0000 - 0x00007ff99b385000 	C:\Windows\System32\KERNELBASE.dll
0x00007ff99c230000 - 0x00007ff99c2d3000 	C:\Windows\System32\ADVAPI32.dll
0x00007ff99c4d0000 - 0x00007ff99c56e000 	C:\Windows\System32\msvcrt.dll
0x00007ff99e110000 - 0x00007ff99e1ae000 	C:\Windows\System32\sechost.dll
0x00007ff99c3a0000 - 0x00007ff99c4c2000 	C:\Windows\System32\RPCRT4.dll
0x00007ff99c6b0000 - 0x00007ff99c847000 	C:\Windows\System32\USER32.dll
0x00007ff99a580000 - 0x00007ff99a5a0000 	C:\Windows\System32\win32u.dll
0x00007ff99b9d0000 - 0x00007ff99b9f9000 	C:\Windows\System32\GDI32.dll
0x00007ff99af50000 - 0x00007ff99b0ea000 	C:\Windows\System32\gdi32full.dll
0x00007ff99a490000 - 0x00007ff99a530000 	C:\Windows\System32\msvcp_win.dll
0x00007ff99ada0000 - 0x00007ff99ae9a000 	C:\Windows\System32\ucrtbase.dll
0x00007ff990cb0000 - 0x00007ff990f29000 	C:\Windows\WinSxS\amd64_microsoft.windows.common-controls_6595b64144ccf1df_6.0.17763.1282_none_de75b6f253473c0f\COMCTL32.dll
0x00007ff99b5f0000 - 0x00007ff99b91c000 	C:\Windows\System32\combase.dll
0x00007ff99b570000 - 0x00007ff99b5ee000 	C:\Windows\System32\bcryptPrimitives.dll
0x00007ff99c9c0000 - 0x00007ff99c9ee000 	C:\Windows\System32\IMM32.DLL
0x0000000063530000 - 0x0000000063602000 	C:\Program Files\Java\jdk1.8.0_251\jre\bin\msvcr100.dll
0x0000000063610000 - 0x0000000063ebb000 	C:\Program Files\Java\jdk1.8.0_251\jre\bin\server\jvm.dll
0x00007ff99c6a0000 - 0x00007ff99c6a8000 	C:\Windows\System32\PSAPI.DLL
0x00007ff995980000 - 0x00007ff99598a000 	C:\Windows\SYSTEM32\VERSION.dll
0x00007ff998400000 - 0x00007ff998424000 	C:\Windows\SYSTEM32\WINMM.dll
0x00007ff976800000 - 0x00007ff976809000 	C:\Windows\SYSTEM32\WSOCK32.dll
0x00007ff99c570000 - 0x00007ff99c5dd000 	C:\Windows\System32\WS2_32.dll
0x00007ff998070000 - 0x00007ff99809d000 	C:\Windows\SYSTEM32\WINMMBASE.dll
0x00007ff99af00000 - 0x00007ff99af4a000 	C:\Windows\System32\cfgmgr32.dll
0x00007ff9767f0000 - 0x00007ff9767ff000 	C:\Program Files\Java\jdk1.8.0_251\jre\bin\verify.dll
0x00007ff972ec0000 - 0x00007ff972ee9000 	C:\Program Files\Java\jdk1.8.0_251\jre\bin\java.dll
0x00007ff9731e0000 - 0x00007ff9731f6000 	C:\Program Files\Java\jdk1.8.0_251\jre\bin\zip.dll
0x00007ff99cbb0000 - 0x00007ff99e0a8000 	C:\Windows\System32\SHELL32.dll
0x00007ff99b920000 - 0x00007ff99b9c8000 	C:\Windows\System32\shcore.dll
0x00007ff99a5a0000 - 0x00007ff99acef000 	C:\Windows\System32\windows.storage.dll
0x00007ff99a460000 - 0x00007ff99a484000 	C:\Windows\System32\profapi.dll
0x00007ff99a400000 - 0x00007ff99a45d000 	C:\Windows\System32\powrprof.dll
0x00007ff99e0b0000 - 0x00007ff99e102000 	C:\Windows\System32\shlwapi.dll
0x00007ff99a3c0000 - 0x00007ff99a3d1000 	C:\Windows\System32\kernel.appcore.dll
0x00007ff99a530000 - 0x00007ff99a547000 	C:\Windows\System32\cryptsp.dll
0x00007ff9555d0000 - 0x00007ff95576a000 	C:\Program Files\Java\jdk1.8.0_251\jre\bin\awt.dll
0x00007ff99be80000 - 0x00007ff99bf44000 	C:\Windows\System32\OLEAUT32.dll
0x00007ff9986b0000 - 0x00007ff99873c000 	C:\Windows\SYSTEM32\apphelp.dll
0x00007ff998c30000 - 0x00007ff998c5e000 	C:\Windows\system32\DWMAPI.DLL
0x00007ff99b390000 - 0x00007ff99b56c000 	C:\Windows\System32\CRYPT32.dll
0x00007ff99a3e0000 - 0x00007ff99a3f2000 	C:\Windows\System32\MSASN1.dll
0x00007ff998940000 - 0x00007ff9989dc000 	C:\Windows\system32\uxtheme.dll
0x00007ff9554a0000 - 0x00007ff9555c7000 	C:\Windows\system32\opengl32.dll
0x00007ff972e50000 - 0x00007ff972e7c000 	C:\Windows\SYSTEM32\GLU32.dll
0x00007ff99c850000 - 0x00007ff99c9bd000 	C:\Windows\System32\MSCTF.dll
0x00007ff99e240000 - 0x00007ff99e395000 	C:\Windows\System32\ole32.dll
0x00007ff991b00000 - 0x00007ff991c9e000 	C:\Windows\system32\d3d9.dll
0x00007ff995990000 - 0x00007ff995a7e000 	C:\Windows\System32\DriverStore\FileRepository\nv_dispi.inf_amd64_90685a092bcf58c7\nvldumdx.dll
0x00007ff99aea0000 - 0x00007ff99aef9000 	C:\Windows\System32\WINTRUST.DLL
0x00007ff99cb90000 - 0x00007ff99cbad000 	C:\Windows\System32\imagehlp.dll
0x00007ff999760000 - 0x00007ff999793000 	C:\Windows\system32\rsaenh.dll
0x00007ff99a550000 - 0x00007ff99a576000 	C:\Windows\System32\bcrypt.dll
0x00007ff999d50000 - 0x00007ff999d5c000 	C:\Windows\SYSTEM32\CRYPTBASE.dll
0x00007ff94a3d0000 - 0x00007ff94b86b000 	C:\Windows\System32\DriverStore\FileRepository\nv_dispi.inf_amd64_90685a092bcf58c7\nvd3dumx.dll
0x00007ff999010000 - 0x00007ff999032000 	C:\Windows\SYSTEM32\gpapi.dll
0x00007ff97bd30000 - 0x00007ff97bd5f000 	C:\Windows\SYSTEM32\cryptnet.dll
0x00007ff972c20000 - 0x00007ff972c69000 	C:\Program Files\Java\jdk1.8.0_251\jre\bin\fontmanager.dll
0x00007ff99c5e0000 - 0x00007ff99c682000 	C:\Windows\System32\clbcatq.dll
0x00007ff995ea0000 - 0x00007ff996058000 	C:\Windows\SYSTEM32\WindowsCodecs.dll
0x00007ff973bb0000 - 0x00007ff973c06000 	C:\Windows\system32\dataexchange.dll
0x00007ff997540000 - 0x00007ff9977be000 	C:\Windows\system32\d3d11.dll
0x00007ff997d80000 - 0x00007ff997f43000 	C:\Windows\system32\dcomp.dll
0x00007ff999090000 - 0x00007ff999152000 	C:\Windows\system32\dxgi.dll
0x00007ff998a10000 - 0x00007ff998c24000 	C:\Windows\system32\twinapi.appcore.dll
0x00007ff998c60000 - 0x00007ff998c88000 	C:\Windows\system32\RMCLIENT.dll
0x00007ff972ea0000 - 0x00007ff972eba000 	C:\Program Files\Java\jdk1.8.0_251\jre\bin\net.dll
0x00007ff999bd0000 - 0x00007ff999c37000 	C:\Windows\system32\mswsock.dll
0x00007ff972e80000 - 0x00007ff972e92000 	C:\Program Files\Java\jdk1.8.0_251\jre\bin\nio.dll
0x00007ff972bd0000 - 0x00007ff972c12000 	C:\Program Files\Java\jdk1.8.0_251\jre\bin\t2k.dll
0x00007ff973280000 - 0x00007ff973296000 	C:\Windows\system32\napinsp.dll
0x00007ff973260000 - 0x00007ff97327a000 	C:\Windows\system32\pnrpnsp.dll
0x00007ff999940000 - 0x00007ff999a07000 	C:\Windows\SYSTEM32\DNSAPI.dll
0x00007ff99e1b0000 - 0x00007ff99e1b8000 	C:\Windows\System32\NSI.dll
0x00007ff999900000 - 0x00007ff99993d000 	C:\Windows\SYSTEM32\IPHLPAPI.DLL
0x00007ff9767e0000 - 0x00007ff9767ee000 	C:\Windows\System32\winrnr.dll
0x00007ff996bf0000 - 0x00007ff996c0b000 	C:\Windows\system32\NLAapi.dll
0x00007ff991df0000 - 0x00007ff991e05000 	C:\Windows\system32\wshbth.dll
0x00007ff98ee10000 - 0x00007ff98ee1a000 	C:\Windows\System32\rasadhlp.dll
0x00007ff98f680000 - 0x00007ff98f6f9000 	C:\Windows\System32\fwpuclnt.dll
0x00007ff99a2b0000 - 0x00007ff99a2d8000 	C:\Windows\SYSTEM32\USERENV.dll
0x00007ff98ff70000 - 0x00007ff98ff86000 	C:\Windows\SYSTEM32\dhcpcsvc6.DLL
0x00007ff98fbf0000 - 0x00007ff98fc0c000 	C:\Windows\SYSTEM32\dhcpcsvc.DLL
0x00007ff95b8f0000 - 0x00007ff95b914000 	C:\Program Files\Java\jdk1.8.0_251\jre\bin\sunec.dll
0x00007ff978390000 - 0x00007ff97839c000 	C:\Program Files\Java\jdk1.8.0_251\jre\bin\sunmscapi.dll
0x00007ff999ef0000 - 0x00007ff999f16000 	C:\Windows\SYSTEM32\ncrypt.dll
0x00007ff999eb0000 - 0x00007ff999eec000 	C:\Windows\SYSTEM32\NTASN1.dll
0x00007ff980fe0000 - 0x00007ff981075000 	C:\Windows\System32\TextInputFramework.dll
0x00007ff997f80000 - 0x00007ff998062000 	C:\Windows\System32\CoreMessaging.dll
0x00007ff996370000 - 0x00007ff996692000 	C:\Windows\System32\CoreUIComponents.dll
0x00007ff9993e0000 - 0x00007ff999411000 	C:\Windows\SYSTEM32\ntmarta.dll
0x00007ff9961c0000 - 0x00007ff996313000 	C:\Windows\SYSTEM32\wintypes.dll

VM Arguments:
jvm_args: -Dfile.encoding=UTF-8 
java_command: View.Run
java_class_path (initial): C:\Users\s2hdp\Documents\github\real\banhang\library\jcalendar-1.4.jar;C:\Users\s2hdp\Documents\github\real\banhang\library\mssql-jdbc-8.jre11.jar;C:\Users\s2hdp\Documents\github\real\banhang\project\build\classes
Launcher Type: SUN_STANDARD

Environment Variables:
PATH=C:\Program Files (x86)\Common Files\Oracle\Java\javapath;C:\Windows\system32;C:\Windows;C:\Windows\System32\Wbem;C:\Windows\System32\WindowsPowerShell\v1.0\;C:\Windows\System32\OpenSSH\;C:\Program Files\Git\cmd;C:\Program Files (x86)\Rational\common;C:\Program Files\Microsoft SQL Server\Client SDK\ODBC\170\Tools\Binn\;C:\Program Files (x86)\Microsoft SQL Server\150\Tools\Binn\;C:\Program Files\Microsoft SQL Server\150\Tools\Binn\;C:\Program Files\Microsoft SQL Server\150\DTS\Binn\;C:\Program Files (x86)\Microsoft SQL Server\150\DTS\Binn\;C:\Program Files\nodejs\;C:\Program Files (x86)\Yarn\bin\;C:\Program Files\Docker\Docker\resources\bin;C:\ProgramData\DockerDesktop\version-bin;C:\Users\s2hdp\AppData\Local\Microsoft\WindowsApps;;C:\Users\s2hdp\AppData\Local\Programs\Microsoft VS Code\bin;C:\Users\s2hdp\AppData\Roaming\npm;C:\Users\s2hdp\AppData\Local\Yarn\bin
USERNAME=s2hdp
OS=Windows_NT
PROCESSOR_IDENTIFIER=Intel64 Family 6 Model 60 Stepping 3, GenuineIntel



---------------  S Y S T E M  ---------------

OS: Windows 10.0 , 64 bit Build 17763 (10.0.17763.1158)

CPU:total 4 (initial active 4) (4 cores per cpu, 1 threads per core) family 6 model 60 stepping 3, cmov, cx8, fxsr, mmx, sse, sse2, sse3, ssse3, sse4.1, sse4.2, popcnt, avx, avx2, aes, clmul, erms, lzcnt, tsc, tscinvbit, bmi1, bmi2

Memory: 4k page, physical 16715488k(8240948k free), swap 31289180k(780k free)

vm_info: Java HotSpot(TM) 64-Bit Server VM (25.251-b08) for windows-amd64 JRE (1.8.0_251-b08), built on Mar 12 2020 06:31:49 by "" with MS VC++ 10.0 (VS2010)

time: Sun Jun 21 14:49:49 2020
timezone: SE Asia Standard Time
elapsed time: 1495 seconds (0d 0h 24m 55s)

